<?xml version="1.0" encoding="UTF-8"?>
<!-- Generated by org.testng.reporters.JUnitReportReporter -->
<testsuite hostname="Imrans-Mac-mini" failures="0" tests="1" name="LoginInTest" time="36.476" errors="0" timestamp="2022-04-14T15:48:33 CDT" skipped="0">
  <testcase classname="LoginInTest" name="Login" time="36.476"/>
  <system-out/>
</testsuite> <!-- LoginInTest -->
