<?xml version="1.0" encoding="UTF-8"?>
<!-- Generated by org.testng.reporters.JUnitReportReporter -->
<testsuite hostname="Imrans-Mac-mini" failures="0" tests="1" name="ACCOUNT_SETTINGS_View_Policy" time="54.188" errors="0" timestamp="2022-03-23T17:18:43 CDT" skipped="0">
  <testcase classname="ACCOUNT_SETTINGS_View_Policy" name="StudySmokeTest" time="54.188"/>
  <system-out/>
</testsuite> <!-- ACCOUNT_SETTINGS_View_Policy -->
