<?xml version="1.0" encoding="UTF-8"?>
<!-- Generated by org.testng.reporters.JUnitReportReporter -->
<testsuite hostname="Imrans-Mac-mini" failures="0" tests="1" name="NavigateChapter1_Test" time="280.193" errors="0" timestamp="2022-03-23T17:18:43 CDT" skipped="0">
  <testcase classname="NavigateChapter1_Test" name="StudySmokeTest" time="280.193"/>
  <system-out/>
</testsuite> <!-- NavigateChapter1_Test -->
