<?xml version="1.0" encoding="UTF-8"?>
<!-- Generated by org.testng.reporters.JUnitReportReporter -->
<testsuite hostname="Imrans-Mac-mini" failures="0" tests="1" name="RegisterNewUser" time="83.989" errors="0" timestamp="2022-03-23T17:18:43 CDT" skipped="0">
  <testcase classname="RegisterNewUser" name="NewUserFlow" time="83.989"/>
  <system-out/>
</testsuite> <!-- RegisterNewUser -->
